2017-11-07 10:11:26:221 - info: ::1 - - [8] "GET /one http/1.1" 200 07/11/2017:10:08:26 +0800 undefined "undefined" "Mozilla/5.0 (Windows NT 6.1; Win64; x64) AppleWebKit/537.36 (KHTML, like Gecko) Chrome/61.0.3163.100 Safari/537.36"  - - adfc7772-958b-4982-904c-fde70701172a ::1-nologin
2017-11-07 10:11:26:388 - info: ::1 - - [3] "GET /reload/reload.js http/1.1" 200 07/11/2017:10:08:26 +0800 3687 "http://localhost/one" "Mozilla/5.0 (Windows NT 6.1; Win64; x64) AppleWebKit/537.36 (KHTML, like Gecko) Chrome/61.0.3163.100 Safari/537.36"  - - 3fdd3c33-df12-44f0-a958-7a90a3d697df ::1-nologin
2017-11-07 10:11:54:780 - info: ::1 - - [7] "GET /one http/1.1" 200 07/11/2017:10:08:54 +0800 undefined "undefined" "Mozilla/5.0 (Windows NT 6.1; Win64; x64) AppleWebKit/537.36 (KHTML, like Gecko) Chrome/61.0.3163.100 Safari/537.36"  - - abd95e46-08f9-4241-b205-1314f58f3e60 ::1-nologin
2017-11-07 10:11:54:871 - info: ::1 - - [18] "GET /reload/reload.js http/1.1" 200 07/11/2017:10:08:54 +0800 3687 "http://localhost/one" "Mozilla/5.0 (Windows NT 6.1; Win64; x64) AppleWebKit/537.36 (KHTML, like Gecko) Chrome/61.0.3163.100 Safari/537.36"  - - 50da7e05-6338-4c9d-8e59-c8346635ca0e ::1-nologin
2017-11-07 10:11:23:569 - info: ::ffff:79.108.152.27 - - [75013] "GET / http/1.1" 200 07/11/2017:10:33:08 +0800 undefined "undefined" "undefined"  - - 858d2ef4-6a4a-4e72-b19f-9698e64dc477 ::ffff:79.108.152.27-nologin
2017-11-07 10:11:03:882 - info: ::ffff:94.102.49.174 - - [19] "GET /cache/global/img/gs.gif http/1.1" 404 07/11/2017:10:36:03 +0800 undefined "undefined" "Mozilla"  - - ca6ef1ae-5047-4111-9b40-7f748708894b ::ffff:94.102.49.174-nologin
2017-11-07 12:11:20:762 - info: ::1 - - [10070] "GET /home http/1.1" 200 07/11/2017:12:27:10 +0800 undefined "undefined" "Mozilla/5.0 (Windows NT 6.1; Win64; x64) AppleWebKit/537.36 (KHTML, like Gecko) Chrome/61.0.3163.100 Safari/537.36"  - - d8266ab1-5e18-477e-839d-69713af74ce2 ::1-nologin
2017-11-07 12:11:20:984 - info: ::1 - - [9] "GET /reload/reload.js http/1.1" 200 07/11/2017:12:27:20 +0800 3687 "http://localhost/home" "Mozilla/5.0 (Windows NT 6.1; Win64; x64) AppleWebKit/537.36 (KHTML, like Gecko) Chrome/61.0.3163.100 Safari/537.36"  - - 56424181-81c2-4079-8345-e1c8ed5cadbd ::1-nologin
2017-11-07 12:11:05:766 - info: ::1 - - [1023] "GET /home http/1.1" 200 07/11/2017:12:28:04 +0800 undefined "undefined" "Mozilla/5.0 (Windows NT 6.1; Win64; x64) AppleWebKit/537.36 (KHTML, like Gecko) Chrome/61.0.3163.100 Safari/537.36"  - - 2e237910-102d-4833-a3bb-1aaeb019c43e ::1-nologin
2017-11-07 12:11:05:907 - info: ::1 - - [3] "GET /reload/reload.js http/1.1" 200 07/11/2017:12:28:05 +0800 3687 "http://localhost/home" "Mozilla/5.0 (Windows NT 6.1; Win64; x64) AppleWebKit/537.36 (KHTML, like Gecko) Chrome/61.0.3163.100 Safari/537.36"  - - ceb2388c-821d-4403-b772-7ac3654b6a7f ::1-nologin
2017-11-07 12:11:41:839 - info: ::1 - - [291] "GET /home http/1.1" 200 07/11/2017:12:35:41 +0800 undefined "http://localhost/home" "Mozilla/5.0 (Windows NT 6.1; Win64; x64) AppleWebKit/537.36 (KHTML, like Gecko) Chrome/61.0.3163.100 Safari/537.36"  - - 44f7433a-881f-4560-95c0-4a6fb9cab058 ::1-nologin
2017-11-07 12:11:45:136 - info: ::1 - - [127] "GET /reload/reload.js http/1.1" 200 07/11/2017:12:35:45 +0800 3687 "http://localhost/home" "Mozilla/5.0 (Windows NT 6.1; Win64; x64) AppleWebKit/537.36 (KHTML, like Gecko) Chrome/61.0.3163.100 Safari/537.36"  - - 6ae9cca4-4df7-4722-97c7-6b84bbf52589 ::1-nologin
2017-11-07 12:11:46:074 - info: ::1 - - [1] "GET /a http/1.1" 200 07/11/2017:12:35:46 +0800 13 "http://localhost/home" "Mozilla/5.0 (Windows NT 6.1; Win64; x64) AppleWebKit/537.36 (KHTML, like Gecko) Chrome/61.0.3163.100 Safari/537.36"  - - 8199c30e-3f3f-493f-8ac7-fedbe78fdba9 ::1-nologin
2017-11-07 13:11:13:722 - info: ::1 - - [56] "GET /2a25a20c071a8b50d3f2.hot-update.json http/1.1" 404 07/11/2017:13:22:13 +0800 undefined "http://localhost/home" "Mozilla/5.0 (Windows NT 6.1; Win64; x64) AppleWebKit/537.36 (KHTML, like Gecko) Chrome/61.0.3163.100 Safari/537.36"  - - 9fe3aa1b-f0f5-4078-99a0-c65f2bbf8b8b ::1-nologin
2017-11-07 13:11:28:185 - info: ::1 - - [281] "GET /home http/1.1" 200 07/11/2017:13:25:27 +0800 undefined "undefined" "Mozilla/5.0 (Windows NT 6.1; Win64; x64) AppleWebKit/537.36 (KHTML, like Gecko) Chrome/61.0.3163.100 Safari/537.36"  - - c106af13-8473-4ac3-b8b6-930a94f0fb59 ::1-nologin
2017-11-07 13:11:28:625 - info: ::1 - - [7] "GET /reload/reload.js http/1.1" 200 07/11/2017:13:25:28 +0800 3687 "http://localhost/home" "Mozilla/5.0 (Windows NT 6.1; Win64; x64) AppleWebKit/537.36 (KHTML, like Gecko) Chrome/61.0.3163.100 Safari/537.36"  - - ccb1b376-d975-490b-9754-a464104b47cc ::1-nologin
2017-11-07 13:11:38:297 - info: ::1 - - [29] "GET /home http/1.1" 200 07/11/2017:13:26:38 +0800 undefined "http://localhost/home" "Mozilla/5.0 (Windows NT 6.1; Win64; x64) AppleWebKit/537.36 (KHTML, like Gecko) Chrome/61.0.3163.100 Safari/537.36"  - - f0114dfa-33cc-4a65-8a96-4c5bf63c40dc ::1-nologin
2017-11-07 13:11:38:666 - info: ::1 - - [97] "GET /reload/reload.js http/1.1" 200 07/11/2017:13:26:38 +0800 3687 "http://localhost/home" "Mozilla/5.0 (Windows NT 6.1; Win64; x64) AppleWebKit/537.36 (KHTML, like Gecko) Chrome/61.0.3163.100 Safari/537.36"  - - c2b631a1-ae67-424d-84e4-be79fd445eca ::1-nologin
2017-11-07 13:11:49:762 - info: ::1 - - [27] "GET / http/1.1" 200 07/11/2017:13:26:49 +0800 undefined "undefined" "Mozilla/5.0 (Windows NT 6.1; Win64; x64) AppleWebKit/537.36 (KHTML, like Gecko) Chrome/61.0.3163.100 Safari/537.36"  - - 77a9775b-da8e-4770-b0c0-85ee27eab06e ::1-nologin
2017-11-07 13:11:50:184 - info: ::1 - - [4] "GET /reload/reload.js http/1.1" 200 07/11/2017:13:26:50 +0800 3687 "http://localhost/" "Mozilla/5.0 (Windows NT 6.1; Win64; x64) AppleWebKit/537.36 (KHTML, like Gecko) Chrome/61.0.3163.100 Safari/537.36"  - - 27fc9a5d-17b6-417a-96ce-8833f1238ba3 ::1-nologin
2017-11-07 14:11:53:371 - info: ::1 - - [15] "GET / http/1.1" 200 07/11/2017:14:45:53 +0800 undefined "http://localhost/" "Mozilla/5.0 (Windows NT 6.1; Win64; x64) AppleWebKit/537.36 (KHTML, like Gecko) Chrome/61.0.3163.100 Safari/537.36"  - - ce5bf2b0-7b08-447a-bfed-5b807526e2e8 ::1-nologin
2017-11-07 14:11:53:554 - info: ::1 - - [7] "GET /reload/reload.js http/1.1" 200 07/11/2017:14:45:53 +0800 3687 "http://localhost/" "Mozilla/5.0 (Windows NT 6.1; Win64; x64) AppleWebKit/537.36 (KHTML, like Gecko) Chrome/61.0.3163.100 Safari/537.36"  - - b9dae178-fb61-4e91-9f52-87664463307d ::1-nologin
2017-11-07 14:11:05:403 - info: ::1 - - [186] "GET / http/1.1" 200 07/11/2017:14:47:05 +0800 undefined "http://localhost/" "Mozilla/5.0 (Windows NT 6.1; Win64; x64) AppleWebKit/537.36 (KHTML, like Gecko) Chrome/61.0.3163.100 Safari/537.36"  - - 76909ef7-de4c-494f-9362-4c78221debb8 ::1-nologin
2017-11-07 14:11:05:653 - info: ::1 - - [6] "GET /reload/reload.js http/1.1" 200 07/11/2017:14:47:05 +0800 3687 "http://localhost/" "Mozilla/5.0 (Windows NT 6.1; Win64; x64) AppleWebKit/537.36 (KHTML, like Gecko) Chrome/61.0.3163.100 Safari/537.36"  - - fe7abe08-3dfe-44ef-8bd0-1cf2a7541a84 ::1-nologin
2017-11-07 14:11:14:278 - info: ::1 - - [28] "GET / http/1.1" 200 07/11/2017:14:47:14 +0800 undefined "http://localhost/" "Mozilla/5.0 (Windows NT 6.1; Win64; x64) AppleWebKit/537.36 (KHTML, like Gecko) Chrome/61.0.3163.100 Safari/537.36"  - - 9b3ee97b-d5c5-4bfd-b5e5-e3b451b3fbcf ::1-nologin
2017-11-07 14:11:14:628 - info: ::1 - - [7] "GET /reload/reload.js http/1.1" 200 07/11/2017:14:47:14 +0800 3687 "http://localhost/" "Mozilla/5.0 (Windows NT 6.1; Win64; x64) AppleWebKit/537.36 (KHTML, like Gecko) Chrome/61.0.3163.100 Safari/537.36"  - - 48d1fbc7-9493-416b-a02b-8fda3b9bdacb ::1-nologin
2017-11-07 14:11:22:394 - info: ::1 - - [69] "GET / http/1.1" 200 07/11/2017:14:54:22 +0800 undefined "http://localhost/" "Mozilla/5.0 (Windows NT 6.1; Win64; x64) AppleWebKit/537.36 (KHTML, like Gecko) Chrome/61.0.3163.100 Safari/537.36"  - - 17e70a36-b18a-47d8-ba10-87aab254ad7d ::1-nologin
2017-11-07 14:11:22:682 - info: ::1 - - [4] "GET /reload/reload.js http/1.1" 200 07/11/2017:14:54:22 +0800 3687 "http://localhost/" "Mozilla/5.0 (Windows NT 6.1; Win64; x64) AppleWebKit/537.36 (KHTML, like Gecko) Chrome/61.0.3163.100 Safari/537.36"  - - 36cf58b7-e5f6-46cc-99c8-c7977ed759e1 ::1-nologin
2017-11-07 14:11:29:803 - info: ::1 - - [31] "GET / http/1.1" 200 07/11/2017:14:54:29 +0800 undefined "http://localhost/" "Mozilla/5.0 (Windows NT 6.1; Win64; x64) AppleWebKit/537.36 (KHTML, like Gecko) Chrome/61.0.3163.100 Safari/537.36"  - - 451f3a70-ae29-4d0e-8c8f-e3a7f89a3238 ::1-nologin
2017-11-07 14:11:29:965 - info: ::1 - - [3] "GET /reload/reload.js http/1.1" 200 07/11/2017:14:54:29 +0800 3687 "http://localhost/" "Mozilla/5.0 (Windows NT 6.1; Win64; x64) AppleWebKit/537.36 (KHTML, like Gecko) Chrome/61.0.3163.100 Safari/537.36"  - - 38756a0c-caea-42ff-940e-1d5f8ef365de ::1-nologin
2017-11-07 14:11:06:871 - info: ::1 - - [39] "GET / http/1.1" 200 07/11/2017:14:55:06 +0800 undefined "http://localhost/" "Mozilla/5.0 (Windows NT 6.1; Win64; x64) AppleWebKit/537.36 (KHTML, like Gecko) Chrome/61.0.3163.100 Safari/537.36"  - - 885c0b94-40c6-43ec-8b49-24ce44e96e8c ::1-nologin
2017-11-07 14:11:07:118 - info: ::1 - - [3] "GET /reload/reload.js http/1.1" 200 07/11/2017:14:55:07 +0800 3687 "http://localhost/" "Mozilla/5.0 (Windows NT 6.1; Win64; x64) AppleWebKit/537.36 (KHTML, like Gecko) Chrome/61.0.3163.100 Safari/537.36"  - - 0f9b3211-6323-45f4-8159-156e07093d6a ::1-nologin
2017-11-07 15:11:09:411 - info: ::ffff:189.103.220.128 - - [34] "GET /cgi/common.cgi http/1.1" 404 07/11/2017:15:44:09 +0800 undefined "undefined" "Wget(linux)"  - - 27ffaf61-eff5-426b-9395-6438e4287608 ::ffff:189.103.220.128-nologin
2017-11-07 16:11:55:121 - info: ::1 - - [287] "GET /8f9dde455be14a7ad2ae.hot-update.json http/1.1" 404 07/11/2017:16:51:54 +0800 undefined "http://localhost/" "Mozilla/5.0 (Windows NT 6.1; Win64; x64) AppleWebKit/537.36 (KHTML, like Gecko) Chrome/61.0.3163.100 Safari/537.36"  - - 99d9460f-f557-4da1-ac15-4625bcc93432 ::1-nologin
2017-11-07 16:11:55:136 - info: ::1 - - [589] "GET / http/1.1" 200 07/11/2017:16:51:54 +0800 undefined "http://localhost/" "Mozilla/5.0 (Windows NT 6.1; Win64; x64) AppleWebKit/537.36 (KHTML, like Gecko) Chrome/61.0.3163.100 Safari/537.36"  - - 89244cb8-03a7-4c29-8ac2-8f4c5e1c4d11 ::1-nologin
2017-11-07 16:11:55:409 - info: ::1 - - [3] "GET /reload/reload.js http/1.1" 200 07/11/2017:16:51:55 +0800 3687 "http://localhost/" "Mozilla/5.0 (Windows NT 6.1; Win64; x64) AppleWebKit/537.36 (KHTML, like Gecko) Chrome/61.0.3163.100 Safari/537.36"  - - a942da4f-8d5b-4a15-acb8-15b8e807169e ::1-nologin
2017-11-07 16:11:40:362 - info: ::1 - - [212] "GET /a88cece169416a102d2b.hot-update.json http/1.1" 404 07/11/2017:16:54:40 +0800 undefined "http://localhost/" "Mozilla/5.0 (Windows NT 6.1; Win64; x64) AppleWebKit/537.36 (KHTML, like Gecko) Chrome/61.0.3163.100 Safari/537.36"  - - bd94ff4b-8551-4e25-90df-bbb065992261 ::1-nologin
2017-11-07 16:11:40:380 - info: ::1 - - [20494] "GET / http/1.1" 200 07/11/2017:16:54:19 +0800 undefined "http://localhost/" "Mozilla/5.0 (Windows NT 6.1; Win64; x64) AppleWebKit/537.36 (KHTML, like Gecko) Chrome/61.0.3163.100 Safari/537.36"  - - c764867e-6ee5-4e19-b9b9-40b2d6342337 ::1-nologin
2017-11-07 16:11:40:633 - info: ::1 - - [4] "GET /reload/reload.js http/1.1" 200 07/11/2017:16:54:40 +0800 3687 "http://localhost/" "Mozilla/5.0 (Windows NT 6.1; Win64; x64) AppleWebKit/537.36 (KHTML, like Gecko) Chrome/61.0.3163.100 Safari/537.36"  - - bcf98e10-8bbc-46c0-b4de-deafba0ec054 ::1-nologin
2017-11-07 17:11:37:309 - info: ::1 - - [170] "GET / http/1.1" 200 07/11/2017:17:18:37 +0800 undefined "undefined" "Mozilla/5.0 (Windows NT 6.1; Win64; x64) AppleWebKit/537.36 (KHTML, like Gecko) Chrome/61.0.3163.100 Safari/537.36"  - - f8006bf1-8f7b-489d-a32c-92baba9df9ec ::1-nologin
2017-11-07 17:11:37:682 - info: ::1 - - [52] "GET /reload/reload.js http/1.1" 200 07/11/2017:17:18:37 +0800 3687 "http://localhost/" "Mozilla/5.0 (Windows NT 6.1; Win64; x64) AppleWebKit/537.36 (KHTML, like Gecko) Chrome/61.0.3163.100 Safari/537.36"  - - 70be8d58-c912-4c0e-8637-c7cb55322154 ::1-nologin
2017-11-07 17:11:56:384 - info: ::1 - - [226] "GET / http/1.1" 200 07/11/2017:17:33:56 +0800 undefined "undefined" "Mozilla/5.0 (Windows NT 6.1; Win64; x64) AppleWebKit/537.36 (KHTML, like Gecko) Chrome/61.0.3163.100 Safari/537.36"  - - 1a6c2e26-1dfe-4224-aebb-252b11f581a1 ::1-nologin
2017-11-07 17:11:56:490 - info: ::1 - - [40] "GET /ff6fd9217d1fd0a3b038.hot-update.json http/1.1" 404 07/11/2017:17:33:56 +0800 undefined "http://localhost/" "Mozilla/5.0 (Windows NT 6.1; Win64; x64) AppleWebKit/537.36 (KHTML, like Gecko) Chrome/61.0.3163.100 Safari/537.36"  - - 1d03e34e-81f3-4bd2-b3b9-98d990e979d9 ::1-nologin
2017-11-07 17:11:56:670 - info: ::1 - - [4] "GET /reload/reload.js http/1.1" 200 07/11/2017:17:33:56 +0800 3687 "http://localhost/" "Mozilla/5.0 (Windows NT 6.1; Win64; x64) AppleWebKit/537.36 (KHTML, like Gecko) Chrome/61.0.3163.100 Safari/537.36"  - - 11415b65-1e7f-453e-82fe-49064be7b727 ::1-nologin
2017-11-07 17:11:04:589 - info: ::1 - - [271] "GET /one http/1.1" 200 07/11/2017:17:37:04 +0800 undefined "undefined" "Mozilla/5.0 (Windows NT 6.1; Win64; x64) AppleWebKit/537.36 (KHTML, like Gecko) Chrome/61.0.3163.100 Safari/537.36"  - - 9f5e1022-df6d-4e35-af1f-34dedddd5f5d ::1-nologin
2017-11-07 17:11:04:771 - info: ::1 - - [97] "GET /71d9b1197037c10754f4.hot-update.json http/1.1" 404 07/11/2017:17:37:04 +0800 undefined "http://localhost/one" "Mozilla/5.0 (Windows NT 6.1; Win64; x64) AppleWebKit/537.36 (KHTML, like Gecko) Chrome/61.0.3163.100 Safari/537.36"  - - fba5e872-ac86-4214-875c-9dc300841981 ::1-nologin
2017-11-07 17:11:05:127 - info: ::1 - - [21] "GET /reload/reload.js http/1.1" 200 07/11/2017:17:37:05 +0800 3687 "http://localhost/one" "Mozilla/5.0 (Windows NT 6.1; Win64; x64) AppleWebKit/537.36 (KHTML, like Gecko) Chrome/61.0.3163.100 Safari/537.36"  - - 76d01128-65ba-42cb-ba7b-3e1a2581f651 ::1-nologin
2017-11-07 17:11:26:996 - info: ::1 - - [23] "GET /one http/1.1" 200 07/11/2017:17:37:26 +0800 undefined "undefined" "Mozilla/5.0 (Windows NT 6.1; Win64; x64) AppleWebKit/537.36 (KHTML, like Gecko) Chrome/61.0.3163.100 Safari/537.36"  - - 5da98a9b-45fc-45db-8930-8e4f3ebe1d86 ::1-nologin
2017-11-07 17:11:27:204 - info: ::1 - - [3] "GET /reload/reload.js http/1.1" 200 07/11/2017:17:37:27 +0800 3687 "http://localhost/one" "Mozilla/5.0 (Windows NT 6.1; Win64; x64) AppleWebKit/537.36 (KHTML, like Gecko) Chrome/61.0.3163.100 Safari/537.36"  - - 04ae89d7-fa87-4cd2-9205-9c5b45d4355f ::1-nologin
2017-11-07 17:11:47:307 - info: ::1 - - [18] "GET /one http/1.1" 200 07/11/2017:17:37:47 +0800 undefined "undefined" "Mozilla/5.0 (Windows NT 6.1; Win64; x64) AppleWebKit/537.36 (KHTML, like Gecko) Chrome/61.0.3163.100 Safari/537.36"  - - 12248300-4962-4980-bb78-3c8a8b4982bf ::1-nologin
2017-11-07 17:11:47:498 - info: ::1 - - [5] "GET /reload/reload.js http/1.1" 200 07/11/2017:17:37:47 +0800 3687 "http://localhost/one" "Mozilla/5.0 (Windows NT 6.1; Win64; x64) AppleWebKit/537.36 (KHTML, like Gecko) Chrome/61.0.3163.100 Safari/537.36"  - - 94ca4773-1797-492f-9cd1-e3a6dc89bfe3 ::1-nologin
2017-11-07 17:11:34:806 - info: ::1 - - [46] "GET /one http/1.1" 200 07/11/2017:17:38:34 +0800 undefined "undefined" "Mozilla/5.0 (Windows NT 6.1; Win64; x64) AppleWebKit/537.36 (KHTML, like Gecko) Chrome/61.0.3163.100 Safari/537.36"  - - 76138ef3-fb5a-4402-8961-181745aa67e1 ::1-nologin
2017-11-07 17:11:35:885 - info: ::1 - - [2] "GET /reload/reload.js http/1.1" 200 07/11/2017:17:38:35 +0800 3687 "http://localhost/one" "Mozilla/5.0 (Windows NT 6.1; Win64; x64) AppleWebKit/537.36 (KHTML, like Gecko) Chrome/61.0.3163.100 Safari/537.36"  - - afe543e0-afd9-4e3a-9091-2e8742462e2b ::1-nologin
2017-11-07 17:11:52:385 - info: ::1 - - [33] "GET /one http/1.1" 200 07/11/2017:17:38:52 +0800 undefined "undefined" "Mozilla/5.0 (Windows NT 6.1; Win64; x64) AppleWebKit/537.36 (KHTML, like Gecko) Chrome/61.0.3163.100 Safari/537.36"  - - 94d5264b-097d-48b7-9483-b9d4924965b1 ::1-nologin
2017-11-07 17:11:52:616 - info: ::1 - - [4] "GET /reload/reload.js http/1.1" 200 07/11/2017:17:38:52 +0800 3687 "http://localhost/one" "Mozilla/5.0 (Windows NT 6.1; Win64; x64) AppleWebKit/537.36 (KHTML, like Gecko) Chrome/61.0.3163.100 Safari/537.36"  - - f6e6c64f-10a1-477a-a53c-2f38f8f5b1a8 ::1-nologin
2017-11-07 17:11:56:673 - info: ::1 - - [389] "GET /one http/1.1" 200 07/11/2017:17:40:56 +0800 undefined "undefined" "Mozilla/5.0 (Windows NT 6.1; Win64; x64) AppleWebKit/537.36 (KHTML, like Gecko) Chrome/61.0.3163.100 Safari/537.36"  - - d5b75160-4206-4484-b060-f155073e957d ::1-nologin
2017-11-07 17:11:56:928 - info: ::1 - - [5] "GET /reload/reload.js http/1.1" 200 07/11/2017:17:40:56 +0800 3687 "http://localhost/one" "Mozilla/5.0 (Windows NT 6.1; Win64; x64) AppleWebKit/537.36 (KHTML, like Gecko) Chrome/61.0.3163.100 Safari/537.36"  - - 36a25600-7014-4b8a-a9e4-54416c51455e ::1-nologin
2017-11-07 17:11:51:587 - info: ::1 - - [175] "GET / http/1.1" 200 07/11/2017:17:44:51 +0800 undefined "undefined" "Mozilla/5.0 (Windows NT 6.1; Win64; x64) AppleWebKit/537.36 (KHTML, like Gecko) Chrome/61.0.3163.100 Safari/537.36"  - - 301430ab-c97d-4b1f-9a4a-34d8cffd0c28 ::1-nologin
2017-11-07 17:11:48:941 - info: ::1 - - [7] "GET /reload/reload.js http/1.1" 200 07/11/2017:17:45:48 +0800 3687 "http://localhost/" "Mozilla/5.0 (Windows NT 6.1; Win64; x64) AppleWebKit/537.36 (KHTML, like Gecko) Chrome/61.0.3163.100 Safari/537.36"  - - 13377282-211b-4769-9501-f8efcfe6ede9 ::1-nologin
2017-11-07 17:11:59:273 - info: ::1 - - [165] "GET / http/1.1" 200 07/11/2017:17:46:59 +0800 undefined "undefined" "Mozilla/5.0 (Windows NT 6.1; Win64; x64) AppleWebKit/537.36 (KHTML, like Gecko) Chrome/61.0.3163.100 Safari/537.36"  - - 4fdffac0-a49a-46b2-8c90-81ca4ef764ba ::1-nologin
2017-11-07 17:11:59:427 - info: ::1 - - [4] "GET /reload/reload.js http/1.1" 200 07/11/2017:17:46:59 +0800 3687 "http://localhost/" "Mozilla/5.0 (Windows NT 6.1; Win64; x64) AppleWebKit/537.36 (KHTML, like Gecko) Chrome/61.0.3163.100 Safari/537.36"  - - 3d956500-487e-48d9-92cf-897acee384f4 ::1-nologin
2017-11-07 17:11:29:419 - info: ::1 - - [31] "GET / http/1.1" 200 07/11/2017:17:47:29 +0800 undefined "undefined" "Mozilla/5.0 (Windows NT 6.1; Win64; x64) AppleWebKit/537.36 (KHTML, like Gecko) Chrome/61.0.3163.100 Safari/537.36"  - - 23c637d5-d88a-4945-b599-d00a982fc29e ::1-nologin
2017-11-07 17:11:29:672 - info: ::1 - - [2] "GET /reload/reload.js http/1.1" 200 07/11/2017:17:47:29 +0800 3687 "http://localhost/" "Mozilla/5.0 (Windows NT 6.1; Win64; x64) AppleWebKit/537.36 (KHTML, like Gecko) Chrome/61.0.3163.100 Safari/537.36"  - - 9486361f-3da7-458b-90d0-5ea34ceb0ddf ::1-nologin
2017-11-07 17:11:48:562 - info: ::1 - - [654] "GET / http/1.1" 200 07/11/2017:17:49:47 +0800 undefined "undefined" "Mozilla/5.0 (Windows NT 6.1; Win64; x64) AppleWebKit/537.36 (KHTML, like Gecko) Chrome/61.0.3163.100 Safari/537.36"  - - d446013e-c2b6-4d0b-9a0c-5cad0a161aa3 ::1-nologin
2017-11-07 17:11:49:075 - info: ::1 - - [5] "GET /reload/reload.js http/1.1" 200 07/11/2017:17:49:49 +0800 3687 "http://localhost/" "Mozilla/5.0 (Windows NT 6.1; Win64; x64) AppleWebKit/537.36 (KHTML, like Gecko) Chrome/61.0.3163.100 Safari/537.36"  - - 25470b0a-31a6-4f5a-9954-a4b87afade43 ::1-nologin
2017-11-07 17:11:40:542 - info: ::1 - - [150] "GET / http/1.1" 200 07/11/2017:17:52:40 +0800 undefined "undefined" "Mozilla/5.0 (Windows NT 6.1; Win64; x64) AppleWebKit/537.36 (KHTML, like Gecko) Chrome/61.0.3163.100 Safari/537.36"  - - 5eafcf8f-73e0-4b56-a545-3c3719e94fa9 ::1-nologin
2017-11-07 17:11:40:612 - info: ::1 - - [26] "GET /b37e12d7e8907bd7e7ed.hot-update.json http/1.1" 404 07/11/2017:17:52:40 +0800 undefined "http://localhost/" "Mozilla/5.0 (Windows NT 6.1; Win64; x64) AppleWebKit/537.36 (KHTML, like Gecko) Chrome/61.0.3163.100 Safari/537.36"  - - c0467577-90a5-42d6-8d4b-e8b67ebc6245 ::1-nologin
2017-11-07 17:11:40:819 - info: ::1 - - [4] "GET /reload/reload.js http/1.1" 200 07/11/2017:17:52:40 +0800 3687 "http://localhost/" "Mozilla/5.0 (Windows NT 6.1; Win64; x64) AppleWebKit/537.36 (KHTML, like Gecko) Chrome/61.0.3163.100 Safari/537.36"  - - 887f14b0-0c20-4154-bfb5-cda9d949f019 ::1-nologin
2017-11-07 17:11:22:791 - info: ::1 - - [1095] "GET / http/1.1" 200 07/11/2017:17:53:21 +0800 undefined "http://localhost/" "Mozilla/5.0 (Windows NT 6.1; Win64; x64) AppleWebKit/537.36 (KHTML, like Gecko) Chrome/61.0.3163.100 Safari/537.36"  - - 8da347aa-dfb0-4507-bbe7-674b05a82cc7 ::1-nologin
2017-11-07 17:11:23:232 - info: ::1 - - [117] "GET /d94413f041a7ba39b6b9.hot-update.json http/1.1" 404 07/11/2017:17:53:23 +0800 undefined "http://localhost/" "Mozilla/5.0 (Windows NT 6.1; Win64; x64) AppleWebKit/537.36 (KHTML, like Gecko) Chrome/61.0.3163.100 Safari/537.36"  - - 033ec90d-d5cb-4ae9-a2bb-7ce89ef22592 ::1-nologin
2017-11-07 17:11:23:534 - info: ::1 - - [68] "GET /reload/reload.js http/1.1" 200 07/11/2017:17:53:23 +0800 3687 "http://localhost/" "Mozilla/5.0 (Windows NT 6.1; Win64; x64) AppleWebKit/537.36 (KHTML, like Gecko) Chrome/61.0.3163.100 Safari/537.36"  - - 0cc696d9-4a43-4d6d-a7f9-8c3381ed1a8f ::1-nologin
2017-11-07 17:11:36:708 - info: ::1 - - [869] "GET / http/1.1" 200 07/11/2017:17:54:35 +0800 undefined "http://localhost/" "Mozilla/5.0 (Windows NT 6.1; Win64; x64) AppleWebKit/537.36 (KHTML, like Gecko) Chrome/61.0.3163.100 Safari/537.36"  - - 3d8d862f-adfb-402f-bbcd-d414e994ed63 ::1-nologin
2017-11-07 17:11:36:951 - info: ::1 - - [73] "GET /37757b8d56b4b094706f.hot-update.json http/1.1" 404 07/11/2017:17:54:36 +0800 undefined "http://localhost/" "Mozilla/5.0 (Windows NT 6.1; Win64; x64) AppleWebKit/537.36 (KHTML, like Gecko) Chrome/61.0.3163.100 Safari/537.36"  - - b8c8b7a5-dfbe-479a-a5bf-0d868e3b4861 ::1-nologin
2017-11-07 17:11:37:132 - info: ::1 - - [38] "GET /reload/reload.js http/1.1" 200 07/11/2017:17:54:37 +0800 3687 "http://localhost/" "Mozilla/5.0 (Windows NT 6.1; Win64; x64) AppleWebKit/537.36 (KHTML, like Gecko) Chrome/61.0.3163.100 Safari/537.36"  - - 74f8bbef-5e1c-433a-bc4e-3e1a5b929431 ::1-nologin
2017-11-07 17:11:19:670 - info: ::1 - - [24] "GET / http/1.1" 200 07/11/2017:17:55:19 +0800 undefined "http://localhost/" "Mozilla/5.0 (Windows NT 6.1; Win64; x64) AppleWebKit/537.36 (KHTML, like Gecko) Chrome/61.0.3163.100 Safari/537.36"  - - 5945d31f-d0ec-4ee0-90b3-72edf91ea461 ::1-nologin
2017-11-07 17:11:19:749 - info: ::1 - - [2] "GET /reload/reload.js http/1.1" 200 07/11/2017:17:55:19 +0800 3687 "http://localhost/" "Mozilla/5.0 (Windows NT 6.1; Win64; x64) AppleWebKit/537.36 (KHTML, like Gecko) Chrome/61.0.3163.100 Safari/537.36"  - - 25cc08c9-3797-452f-9754-b6be338679aa ::1-nologin
2017-11-07 17:11:51:267 - info: ::1 - - [271] "GET / http/1.1" 200 07/11/2017:17:55:50 +0800 undefined "http://localhost/" "Mozilla/5.0 (Windows NT 6.1; Win64; x64) AppleWebKit/537.36 (KHTML, like Gecko) Chrome/61.0.3163.100 Safari/537.36"  - - 96870b60-7417-44bc-a617-447460f600da ::1-nologin
2017-11-07 17:11:51:356 - info: ::1 - - [26] "GET /b53e4e29188e7d30bd81.hot-update.json http/1.1" 404 07/11/2017:17:55:51 +0800 undefined "http://localhost/" "Mozilla/5.0 (Windows NT 6.1; Win64; x64) AppleWebKit/537.36 (KHTML, like Gecko) Chrome/61.0.3163.100 Safari/537.36"  - - 11d97153-91a5-4500-af9a-703a37712e7c ::1-nologin
2017-11-07 17:11:52:524 - info: ::1 - - [801] "GET /reload/reload.js http/1.1" 200 07/11/2017:17:55:51 +0800 3687 "http://localhost/" "Mozilla/5.0 (Windows NT 6.1; Win64; x64) AppleWebKit/537.36 (KHTML, like Gecko) Chrome/61.0.3163.100 Safari/537.36"  - - 4edfa392-75f7-4997-aea0-341cfac87828 ::1-nologin
2017-11-07 18:11:51:702 - info: ::1 - - [106] "GET / http/1.1" 200 07/11/2017:18:06:51 +0800 undefined "http://localhost/" "Mozilla/5.0 (Windows NT 6.1; Win64; x64) AppleWebKit/537.36 (KHTML, like Gecko) Chrome/61.0.3163.100 Safari/537.36"  - - 4b47286b-3d26-4580-b3c8-5b6d44bf6350 ::1-nologin
2017-11-07 18:11:51:854 - info: ::1 - - [4] "GET /reload/reload.js http/1.1" 200 07/11/2017:18:06:51 +0800 3687 "http://localhost/" "Mozilla/5.0 (Windows NT 6.1; Win64; x64) AppleWebKit/537.36 (KHTML, like Gecko) Chrome/61.0.3163.100 Safari/537.36"  - - 03eabb1d-7450-49a7-b4c0-458d3122224f ::1-nologin
2017-11-07 18:11:52:978 - info: ::1 - - [16] "GET / http/1.1" 200 07/11/2017:18:06:52 +0800 undefined "http://localhost/" "Mozilla/5.0 (Windows NT 6.1; Win64; x64) AppleWebKit/537.36 (KHTML, like Gecko) Chrome/61.0.3163.100 Safari/537.36"  - - 9da48bbb-bab6-450b-8913-05ff1d02e418 ::1-nologin
2017-11-07 18:11:53:090 - info: ::1 - - [2] "GET /reload/reload.js http/1.1" 200 07/11/2017:18:06:53 +0800 3687 "http://localhost/" "Mozilla/5.0 (Windows NT 6.1; Win64; x64) AppleWebKit/537.36 (KHTML, like Gecko) Chrome/61.0.3163.100 Safari/537.36"  - - e6b3a35a-f32a-42f3-bbc7-406455fd1f10 ::1-nologin
2017-11-07 18:11:04:132 - info: ::1 - - [46] "GET / http/1.1" 200 07/11/2017:18:09:04 +0800 undefined "http://localhost/" "Mozilla/5.0 (Windows NT 6.1; Win64; x64) AppleWebKit/537.36 (KHTML, like Gecko) Chrome/61.0.3163.100 Safari/537.36"  - - d3000daa-a8a2-47e6-9ff2-dec02257994a ::1-nologin
2017-11-07 18:11:04:271 - info: ::1 - - [3] "GET /reload/reload.js http/1.1" 200 07/11/2017:18:09:04 +0800 3687 "http://localhost/" "Mozilla/5.0 (Windows NT 6.1; Win64; x64) AppleWebKit/537.36 (KHTML, like Gecko) Chrome/61.0.3163.100 Safari/537.36"  - - 2ae4a169-f2d9-48bc-83a4-a6f12dd870b6 ::1-nologin
2017-11-07 18:11:19:041 - info: ::1 - - [52] "GET / http/1.1" 200 07/11/2017:18:10:18 +0800 undefined "http://localhost/" "Mozilla/5.0 (Windows NT 6.1; Win64; x64) AppleWebKit/537.36 (KHTML, like Gecko) Chrome/61.0.3163.100 Safari/537.36"  - - b8a39c87-37d1-4a76-9bca-6fb8e4069377 ::1-nologin
2017-11-07 18:11:19:288 - info: ::1 - - [5] "GET /reload/reload.js http/1.1" 200 07/11/2017:18:10:19 +0800 3687 "http://localhost/" "Mozilla/5.0 (Windows NT 6.1; Win64; x64) AppleWebKit/537.36 (KHTML, like Gecko) Chrome/61.0.3163.100 Safari/537.36"  - - 7c2cfcea-8ed5-4ab5-9161-46d2fd38932d ::1-nologin
2017-11-07 18:11:57:077 - info: ::1 - - [384] "GET / http/1.1" 200 07/11/2017:18:10:56 +0800 undefined "http://localhost/" "Mozilla/5.0 (Windows NT 6.1; Win64; x64) AppleWebKit/537.36 (KHTML, like Gecko) Chrome/61.0.3163.100 Safari/537.36"  - - ca6b3601-b446-469f-a339-3d553a46d438 ::1-nologin
2017-11-07 18:11:57:433 - info: ::1 - - [115] "GET /f677dd65d572f1dbe06b.hot-update.json http/1.1" 404 07/11/2017:18:10:57 +0800 undefined "http://localhost/" "Mozilla/5.0 (Windows NT 6.1; Win64; x64) AppleWebKit/537.36 (KHTML, like Gecko) Chrome/61.0.3163.100 Safari/537.36"  - - a1ee56e7-a4b2-4208-8a3a-79cd459d370d ::1-nologin
2017-11-07 18:11:57:498 - info: ::1 - - [14] "GET /reload/reload.js http/1.1" 200 07/11/2017:18:10:57 +0800 3687 "http://localhost/" "Mozilla/5.0 (Windows NT 6.1; Win64; x64) AppleWebKit/537.36 (KHTML, like Gecko) Chrome/61.0.3163.100 Safari/537.36"  - - 587dd778-6e1a-4506-b798-098c8f0272fa ::1-nologin
2017-11-07 19:11:53:824 - info: ::1 - - [62] "GET / http/1.1" 200 07/11/2017:19:07:53 +0800 undefined "http://localhost/" "Mozilla/5.0 (Windows NT 6.1; Win64; x64) AppleWebKit/537.36 (KHTML, like Gecko) Chrome/61.0.3163.100 Safari/537.36"  - - 7b8caee1-580d-4637-94fc-af886ca046e2 ::1-nologin
2017-11-07 19:11:54:128 - info: ::1 - - [19] "GET /reload/reload.js http/1.1" 200 07/11/2017:19:07:54 +0800 3687 "http://localhost/" "Mozilla/5.0 (Windows NT 6.1; Win64; x64) AppleWebKit/537.36 (KHTML, like Gecko) Chrome/61.0.3163.100 Safari/537.36"  - - 512c260c-6728-4df9-8cc1-e3f500495b6c ::1-nologin
2017-11-07 19:11:54:944 - info: ::1 - - [31] "GET / http/1.1" 200 07/11/2017:19:09:54 +0800 undefined "http://localhost/" "Mozilla/5.0 (Windows NT 6.1; Win64; x64) AppleWebKit/537.36 (KHTML, like Gecko) Chrome/61.0.3163.100 Safari/537.36"  - - 696040d3-ef84-4f73-af7a-c1afe38ab9ac ::1-nologin
2017-11-07 19:11:55:319 - info: ::1 - - [44] "GET /reload/reload.js http/1.1" 200 07/11/2017:19:09:55 +0800 3687 "http://localhost/" "Mozilla/5.0 (Windows NT 6.1; Win64; x64) AppleWebKit/537.36 (KHTML, like Gecko) Chrome/61.0.3163.100 Safari/537.36"  - - a3685369-926a-4960-9ceb-31de6ca42be5 ::1-nologin
2017-11-07 19:11:16:635 - info: ::1 - - [42] "GET / http/1.1" 200 07/11/2017:19:10:16 +0800 undefined "http://localhost/" "Mozilla/5.0 (Windows NT 6.1; Win64; x64) AppleWebKit/537.36 (KHTML, like Gecko) Chrome/61.0.3163.100 Safari/537.36"  - - e2a20ea2-537f-4fb3-afa8-db2780380036 ::1-nologin
2017-11-07 19:11:16:849 - info: ::1 - - [6] "GET /reload/reload.js http/1.1" 200 07/11/2017:19:10:16 +0800 3687 "http://localhost/" "Mozilla/5.0 (Windows NT 6.1; Win64; x64) AppleWebKit/537.36 (KHTML, like Gecko) Chrome/61.0.3163.100 Safari/537.36"  - - 6732f4ce-9258-4590-996d-4b0fbb83932c ::1-nologin
2017-11-07 19:11:07:126 - info: ::1 - - [375] "GET / http/1.1" 200 07/11/2017:19:12:06 +0800 undefined "http://localhost/" "Mozilla/5.0 (Windows NT 6.1; Win64; x64) AppleWebKit/537.36 (KHTML, like Gecko) Chrome/61.0.3163.100 Safari/537.36"  - - fa988715-18e5-415c-9dfd-314b397e305d ::1-nologin
2017-11-07 19:11:07:242 - info: ::1 - - [28] "GET /5143a9c8f14e9c1e4c1f.hot-update.json http/1.1" 404 07/11/2017:19:12:07 +0800 undefined "http://localhost/" "Mozilla/5.0 (Windows NT 6.1; Win64; x64) AppleWebKit/537.36 (KHTML, like Gecko) Chrome/61.0.3163.100 Safari/537.36"  - - 7d574d69-6c2c-4cda-95c1-8a58c81c5919 ::1-nologin
2017-11-07 19:11:07:567 - info: ::1 - - [181] "GET /reload/reload.js http/1.1" 200 07/11/2017:19:12:07 +0800 3687 "http://localhost/" "Mozilla/5.0 (Windows NT 6.1; Win64; x64) AppleWebKit/537.36 (KHTML, like Gecko) Chrome/61.0.3163.100 Safari/537.36"  - - 79d29e85-d9cf-48f0-a0c5-2abd780d8567 ::1-nologin
2017-11-07 19:11:26:934 - info: ::1 - - [41] "GET / http/1.1" 200 07/11/2017:19:12:26 +0800 undefined "http://localhost/" "Mozilla/5.0 (Windows NT 6.1; Win64; x64) AppleWebKit/537.36 (KHTML, like Gecko) Chrome/61.0.3163.100 Safari/537.36"  - - 8e3cda6e-7c63-463e-b855-82a59f16c29f ::1-nologin
2017-11-07 19:11:27:086 - info: ::1 - - [4] "GET /reload/reload.js http/1.1" 200 07/11/2017:19:12:27 +0800 3687 "http://localhost/" "Mozilla/5.0 (Windows NT 6.1; Win64; x64) AppleWebKit/537.36 (KHTML, like Gecko) Chrome/61.0.3163.100 Safari/537.36"  - - 1a5a9751-7543-4b08-bff4-d8f93fc7d9e4 ::1-nologin
2017-11-07 20:11:07:495 - info: ::1 - - [64] "GET / http/1.1" 200 07/11/2017:20:24:07 +0800 undefined "http://localhost/" "Mozilla/5.0 (Windows NT 6.1; Win64; x64) AppleWebKit/537.36 (KHTML, like Gecko) Chrome/61.0.3163.100 Safari/537.36"  - - 1c4b8671-53a0-40ec-969a-b15505a87567 ::1-nologin
2017-11-07 20:11:07:816 - info: ::1 - - [4] "GET /reload/reload.js http/1.1" 200 07/11/2017:20:24:07 +0800 3687 "http://localhost/" "Mozilla/5.0 (Windows NT 6.1; Win64; x64) AppleWebKit/537.36 (KHTML, like Gecko) Chrome/61.0.3163.100 Safari/537.36"  - - 6a08a7ed-8cf8-4ed9-a748-3d63ccc1bba1 ::1-nologin
2017-11-07 20:11:10:909 - info: ::1 - - [548] "GET / http/1.1" 200 07/11/2017:20:29:10 +0800 undefined "http://localhost/" "Mozilla/5.0 (Windows NT 6.1; Win64; x64) AppleWebKit/537.36 (KHTML, like Gecko) Chrome/61.0.3163.100 Safari/537.36"  - - 7721c245-38a5-41ff-b900-1e7dc04c5661 ::1-nologin
2017-11-07 20:11:11:062 - info: ::1 - - [35] "GET /dd55213f4216ec47d8e8.hot-update.json http/1.1" 404 07/11/2017:20:29:11 +0800 undefined "http://localhost/" "Mozilla/5.0 (Windows NT 6.1; Win64; x64) AppleWebKit/537.36 (KHTML, like Gecko) Chrome/61.0.3163.100 Safari/537.36"  - - 619d7da5-ad3e-4978-b916-93ba833735f7 ::1-nologin
2017-11-07 20:11:12:308 - info: ::1 - - [669] "GET /reload/reload.js http/1.1" 200 07/11/2017:20:29:11 +0800 3687 "http://localhost/" "Mozilla/5.0 (Windows NT 6.1; Win64; x64) AppleWebKit/537.36 (KHTML, like Gecko) Chrome/61.0.3163.100 Safari/537.36"  - - c07712d4-0e11-48bd-a230-64f16dc684cc ::1-nologin
2017-11-07 20:11:23:537 - info: ::1 - - [22] "GET / http/1.1" 200 07/11/2017:20:32:23 +0800 undefined "http://localhost/" "Mozilla/5.0 (Windows NT 6.1; Win64; x64) AppleWebKit/537.36 (KHTML, like Gecko) Chrome/61.0.3163.100 Safari/537.36"  - - 3919d5d4-e799-490a-848b-d33b260b9f69 ::1-nologin
2017-11-07 20:11:23:768 - info: ::1 - - [1] "GET /reload/reload.js http/1.1" 200 07/11/2017:20:32:23 +0800 3687 "http://localhost/" "Mozilla/5.0 (Windows NT 6.1; Win64; x64) AppleWebKit/537.36 (KHTML, like Gecko) Chrome/61.0.3163.100 Safari/537.36"  - - b7ac97ca-9c0b-4a8c-aeb4-ad9222ad637e ::1-nologin
2017-11-07 20:11:03:631 - info: ::ffff:168.1.128.54 - - [20] "GET / http/1.1" 200 07/11/2017:20:36:03 +0800 undefined "undefined" "Mozilla/5.0(WindowsNT6.1;rv:31.0)Gecko/20100101Firefox/31.0"  - - f51fd495-2742-43c1-b519-8b3718e65a6e ::ffff:168.1.128.54-nologin
2017-11-07 20:11:25:398 - info: ::1 - - [402] "GET / http/1.1" 200 07/11/2017:20:42:24 +0800 undefined "http://localhost/" "Mozilla/5.0 (Windows NT 6.1; Win64; x64) AppleWebKit/537.36 (KHTML, like Gecko) Chrome/61.0.3163.100 Safari/537.36"  - - 6beff31d-b81a-4878-9212-5c81f6d8b841 ::1-nologin
2017-11-07 20:11:25:549 - info: ::1 - - [78] "GET /28b8a7678f5d85ed88e3.hot-update.json http/1.1" 404 07/11/2017:20:42:25 +0800 undefined "http://localhost/" "Mozilla/5.0 (Windows NT 6.1; Win64; x64) AppleWebKit/537.36 (KHTML, like Gecko) Chrome/61.0.3163.100 Safari/537.36"  - - 7b75c698-98d3-461a-a6d0-2232d0fdc284 ::1-nologin
2017-11-07 20:11:25:827 - info: ::1 - - [4] "GET /reload/reload.js http/1.1" 200 07/11/2017:20:42:25 +0800 3687 "http://localhost/" "Mozilla/5.0 (Windows NT 6.1; Win64; x64) AppleWebKit/537.36 (KHTML, like Gecko) Chrome/61.0.3163.100 Safari/537.36"  - - 68246783-443c-4840-a88a-c7729eba109d ::1-nologin
2017-11-07 20:11:08:932 - info: ::1 - - [278] "GET / http/1.1" 200 07/11/2017:20:44:08 +0800 undefined "http://localhost/" "Mozilla/5.0 (Windows NT 6.1; Win64; x64) AppleWebKit/537.36 (KHTML, like Gecko) Chrome/61.0.3163.100 Safari/537.36"  - - 93055e13-2658-4155-ab16-bc115092dda3 ::1-nologin
2017-11-07 20:11:09:021 - info: ::1 - - [22] "GET /51bbbcc4bedad1747da7.hot-update.json http/1.1" 404 07/11/2017:20:44:08 +0800 undefined "http://localhost/" "Mozilla/5.0 (Windows NT 6.1; Win64; x64) AppleWebKit/537.36 (KHTML, like Gecko) Chrome/61.0.3163.100 Safari/537.36"  - - 5b344339-f453-4c89-8dc2-559b29102da1 ::1-nologin
2017-11-07 20:11:09:136 - info: ::1 - - [9] "GET /reload/reload.js http/1.1" 200 07/11/2017:20:44:09 +0800 3687 "http://localhost/" "Mozilla/5.0 (Windows NT 6.1; Win64; x64) AppleWebKit/537.36 (KHTML, like Gecko) Chrome/61.0.3163.100 Safari/537.36"  - - 1e13e4e8-d338-43b0-bee0-7ca1d8965188 ::1-nologin
2017-11-07 20:11:05:227 - info: ::ffff:127.0.0.1 - - [6] "GET /a http/1.1" 200 07/11/2017:20:46:05 +0800 13 "undefined" "node-fetch/1.0 (+https://github.com/bitinn/node-fetch)"  - - 70291149-0667-4a51-85f2-14d50259d2ad ::ffff:127.0.0.1-nologin
2017-11-07 20:11:05:284 - info: ::1 - - [368] "GET / http/1.1" 200 07/11/2017:20:46:04 +0800 undefined "http://localhost/" "Mozilla/5.0 (Windows NT 6.1; Win64; x64) AppleWebKit/537.36 (KHTML, like Gecko) Chrome/61.0.3163.100 Safari/537.36"  - - f991b005-02bf-496d-97d1-3226f18fe115 ::1-nologin
2017-11-07 20:11:06:620 - info: ::1 - - [475] "GET /reload/reload.js http/1.1" 200 07/11/2017:20:46:06 +0800 3687 "http://localhost/" "Mozilla/5.0 (Windows NT 6.1; Win64; x64) AppleWebKit/537.36 (KHTML, like Gecko) Chrome/61.0.3163.100 Safari/537.36"  - - 28342df5-7357-44f9-bb61-33e5d72fea4d ::1-nologin
2017-11-07 21:11:58:632 - info: ::1 - - [239] "GET / http/1.1" 200 07/11/2017:21:47:58 +0800 undefined "http://localhost/" "Mozilla/5.0 (Windows NT 6.1; Win64; x64) AppleWebKit/537.36 (KHTML, like Gecko) Chrome/61.0.3163.100 Safari/537.36"  - - e034c806-da4a-4d6b-8987-0a24c8ccee59 ::1-nologin
2017-11-07 21:11:58:742 - info: ::ffff:127.0.0.1 - - [13] "GET /a http/1.1" 200 07/11/2017:21:47:58 +0800 13 "undefined" "node-fetch/1.0 (+https://github.com/bitinn/node-fetch)"  - - 7453258a-8dc2-4030-910a-acc0f5aa0c02 ::ffff:127.0.0.1-nologin
2017-11-07 21:11:58:821 - info: ::1 - - [3] "GET /reload/reload.js http/1.1" 200 07/11/2017:21:47:58 +0800 3687 "http://localhost/" "Mozilla/5.0 (Windows NT 6.1; Win64; x64) AppleWebKit/537.36 (KHTML, like Gecko) Chrome/61.0.3163.100 Safari/537.36"  - - 0634bf47-e595-464f-8f82-63b30089d85b ::1-nologin
2017-11-07 21:11:20:323 - info: ::1 - - [334] "GET / http/1.1" 200 07/11/2017:21:50:19 +0800 undefined "http://localhost/" "Mozilla/5.0 (Windows NT 6.1; Win64; x64) AppleWebKit/537.36 (KHTML, like Gecko) Chrome/61.0.3163.100 Safari/537.36"  - - 872bd128-7f9e-464a-a1ff-411284ff68b8 ::1-nologin
2017-11-07 21:11:24:230 - info: ::1 - - [22] "GET /313aa5e28bf4ad82c517.hot-update.json http/1.1" 404 07/11/2017:21:50:24 +0800 undefined "http://localhost/" "Mozilla/5.0 (Windows NT 6.1; Win64; x64) AppleWebKit/537.36 (KHTML, like Gecko) Chrome/61.0.3163.100 Safari/537.36"  - - e1e0af96-c126-4fbd-ae7b-2bd6f91a32d1 ::1-nologin
2017-11-07 21:11:24:232 - info: ::1 - - [23] "GET /reload/reload.js http/1.1" 200 07/11/2017:21:50:24 +0800 3687 "http://localhost/" "Mozilla/5.0 (Windows NT 6.1; Win64; x64) AppleWebKit/537.36 (KHTML, like Gecko) Chrome/61.0.3163.100 Safari/537.36"  - - 3d7dcbb3-c9c6-495b-a7cf-cb16a1e7ffbe ::1-nologin
2017-11-07 21:11:39:338 - info: ::1 - - [29] "GET / http/1.1" 200 07/11/2017:21:50:39 +0800 undefined "http://localhost/" "Mozilla/5.0 (Windows NT 6.1; Win64; x64) AppleWebKit/537.36 (KHTML, like Gecko) Chrome/61.0.3163.100 Safari/537.36"  - - f7e3b9be-61e4-4ece-811c-b44dc6a757a8 ::1-nologin
2017-11-07 21:11:39:528 - info: ::1 - - [3] "GET /reload/reload.js http/1.1" 200 07/11/2017:21:50:39 +0800 3687 "http://localhost/" "Mozilla/5.0 (Windows NT 6.1; Win64; x64) AppleWebKit/537.36 (KHTML, like Gecko) Chrome/61.0.3163.100 Safari/537.36"  - - 65e8c50e-f7d8-475f-920b-2bb453682b5e ::1-nologin
2017-11-07 21:11:14:056 - info: ::1 - - [322] "GET / http/1.1" 200 07/11/2017:21:52:13 +0800 undefined "http://localhost/" "Mozilla/5.0 (Windows NT 6.1; Win64; x64) AppleWebKit/537.36 (KHTML, like Gecko) Chrome/61.0.3163.100 Safari/537.36"  - - 4f9101ef-3a32-4d77-9210-07166767907f ::1-nologin
2017-11-07 21:11:14:191 - info: ::1 - - [29] "GET /6a57ac9f0d3d9336ecfe.hot-update.json http/1.1" 404 07/11/2017:21:52:14 +0800 undefined "http://localhost/" "Mozilla/5.0 (Windows NT 6.1; Win64; x64) AppleWebKit/537.36 (KHTML, like Gecko) Chrome/61.0.3163.100 Safari/537.36"  - - 4dc93ce5-3ed2-4b10-b3fd-9116d6382782 ::1-nologin
2017-11-07 21:11:14:209 - info: ::ffff:127.0.0.1 - - [15] "GET /a http/1.1" 200 07/11/2017:21:52:14 +0800 13 "undefined" "node-fetch/1.0 (+https://github.com/bitinn/node-fetch)"  - - a87bbcb2-4639-4726-9ad1-e0504fa5ad40 ::ffff:127.0.0.1-nologin
2017-11-07 21:11:15:726 - info: ::1 - - [1036] "GET /reload/reload.js http/1.1" 200 07/11/2017:21:52:14 +0800 3687 "http://localhost/" "Mozilla/5.0 (Windows NT 6.1; Win64; x64) AppleWebKit/537.36 (KHTML, like Gecko) Chrome/61.0.3163.100 Safari/537.36"  - - 55824b66-8a69-4906-a183-dc8d49342bc6 ::1-nologin
2017-11-07 21:11:31:478 - info: ::1 - - [46] "GET / http/1.1" 200 07/11/2017:21:52:31 +0800 undefined "http://localhost/" "Mozilla/5.0 (Windows NT 6.1; Win64; x64) AppleWebKit/537.36 (KHTML, like Gecko) Chrome/61.0.3163.100 Safari/537.36"  - - 9ef136ef-962b-4214-b4b7-6c56d244eae6 ::1-nologin
2017-11-07 21:11:31:496 - info: ::ffff:127.0.0.1 - - [3] "GET /a http/1.1" 200 07/11/2017:21:52:31 +0800 13 "undefined" "node-fetch/1.0 (+https://github.com/bitinn/node-fetch)"  - - 31c3b523-a43b-437c-903a-b77cb2d89693 ::ffff:127.0.0.1-nologin
2017-11-07 21:11:31:732 - info: ::1 - - [3] "GET /reload/reload.js http/1.1" 200 07/11/2017:21:52:31 +0800 3687 "http://localhost/" "Mozilla/5.0 (Windows NT 6.1; Win64; x64) AppleWebKit/537.36 (KHTML, like Gecko) Chrome/61.0.3163.100 Safari/537.36"  - - 9d2d3c25-d5d7-4e95-a182-e24dbdd736fb ::1-nologin
2017-11-07 21:11:47:716 - info: ::1 - - [38] "GET / http/1.1" 200 07/11/2017:21:52:47 +0800 undefined "http://localhost/" "Mozilla/5.0 (Windows NT 6.1; Win64; x64) AppleWebKit/537.36 (KHTML, like Gecko) Chrome/61.0.3163.100 Safari/537.36"  - - eac1e3f6-822b-464c-8a6e-cd9839dea027 ::1-nologin
2017-11-07 21:11:47:736 - info: ::ffff:127.0.0.1 - - [4] "GET /a http/1.1" 200 07/11/2017:21:52:47 +0800 13 "undefined" "node-fetch/1.0 (+https://github.com/bitinn/node-fetch)"  - - b75cd0f5-f7fe-4da0-b899-6c14201b2702 ::ffff:127.0.0.1-nologin
2017-11-07 21:11:47:881 - info: ::1 - - [5] "GET /reload/reload.js http/1.1" 200 07/11/2017:21:52:47 +0800 3687 "http://localhost/" "Mozilla/5.0 (Windows NT 6.1; Win64; x64) AppleWebKit/537.36 (KHTML, like Gecko) Chrome/61.0.3163.100 Safari/537.36"  - - 9cbd09ca-9f85-4a08-b56f-7714bc5d9ce1 ::1-nologin
2017-11-07 21:11:10:886 - info: ::1 - - [24] "GET / http/1.1" 200 07/11/2017:21:53:10 +0800 undefined "http://localhost/" "Mozilla/5.0 (Windows NT 6.1; Win64; x64) AppleWebKit/537.36 (KHTML, like Gecko) Chrome/61.0.3163.100 Safari/537.36"  - - b585d18d-a251-45dd-b045-2c509221a7bb ::1-nologin
2017-11-07 21:11:10:905 - info: ::ffff:127.0.0.1 - - [4] "GET /a http/1.1" 200 07/11/2017:21:53:10 +0800 13 "undefined" "node-fetch/1.0 (+https://github.com/bitinn/node-fetch)"  - - 9d54f974-cc85-468d-a752-7f700ad850f5 ::ffff:127.0.0.1-nologin
2017-11-07 21:11:11:062 - info: ::1 - - [2] "GET /reload/reload.js http/1.1" 200 07/11/2017:21:53:11 +0800 3687 "http://localhost/" "Mozilla/5.0 (Windows NT 6.1; Win64; x64) AppleWebKit/537.36 (KHTML, like Gecko) Chrome/61.0.3163.100 Safari/537.36"  - - 75613557-3598-471c-8331-d28bb715811c ::1-nologin
2017-11-07 21:11:06:901 - info: ::ffff:127.0.0.1 - - [16] "GET /a http/1.1" 200 07/11/2017:21:58:06 +0800 13 "undefined" "node-fetch/1.0 (+https://github.com/bitinn/node-fetch)"  - - 83353161-9324-439c-a6ad-f127f8f4bae0 ::ffff:127.0.0.1-nologin
2017-11-07 21:11:07:266 - info: ::1 - - [605] "GET / http/1.1" 200 07/11/2017:21:58:06 +0800 undefined "http://localhost/" "Mozilla/5.0 (Windows NT 6.1; Win64; x64) AppleWebKit/537.36 (KHTML, like Gecko) Chrome/61.0.3163.100 Safari/537.36"  - - e139bec9-013f-48d1-9fd3-106a3eb31797 ::1-nologin
2017-11-07 21:11:07:461 - info: ::1 - - [3] "GET /reload/reload.js http/1.1" 200 07/11/2017:21:58:07 +0800 3687 "http://localhost/" "Mozilla/5.0 (Windows NT 6.1; Win64; x64) AppleWebKit/537.36 (KHTML, like Gecko) Chrome/61.0.3163.100 Safari/537.36"  - - 81841cd5-bd28-4177-83a5-b6f6dc463067 ::1-nologin
2017-11-07 21:11:14:979 - info: ::ffff:127.0.0.1 - - [3] "GET /a http/1.1" 200 07/11/2017:21:58:14 +0800 13 "undefined" "node-fetch/1.0 (+https://github.com/bitinn/node-fetch)"  - - 2a868a1d-308b-4d71-90bc-6bed7993159b ::ffff:127.0.0.1-nologin
2017-11-07 21:11:15:007 - info: ::1 - - [204] "GET / http/1.1" 200 07/11/2017:21:58:14 +0800 undefined "http://localhost/" "Mozilla/5.0 (Windows NT 6.1; Win64; x64) AppleWebKit/537.36 (KHTML, like Gecko) Chrome/61.0.3163.100 Safari/537.36"  - - 1f4127d1-7d1b-4bc2-89e6-7e78e2337f22 ::1-nologin
2017-11-07 21:11:15:235 - info: ::1 - - [2] "GET /reload/reload.js http/1.1" 200 07/11/2017:21:58:15 +0800 3687 "http://localhost/" "Mozilla/5.0 (Windows NT 6.1; Win64; x64) AppleWebKit/537.36 (KHTML, like Gecko) Chrome/61.0.3163.100 Safari/537.36"  - - a0a182b2-c1f6-44ed-a596-f3c2af5e8fda ::1-nologin
2017-11-07 22:11:41:230 - info: ::ffff:127.0.0.1 - - [3] "GET /a http/1.1" 200 07/11/2017:22:01:41 +0800 13 "undefined" "node-fetch/1.0 (+https://github.com/bitinn/node-fetch)"  - - 406b740b-0da8-4d43-946e-2d4b316b5358 ::ffff:127.0.0.1-nologin
2017-11-07 22:11:41:278 - info: ::ffff:191.253.81.26 - - [73] "GET / http/1.1" 200 07/11/2017:22:01:41 +0800 undefined "undefined" "curl/7.17.1 (mips-unknown-linux-gnu) libcurl/7.17.1 OpenSSL/0.9.8i zlib/1.2.3"  - - 2ee5417e-4506-4e1d-a297-255ba56cf67a ::ffff:191.253.81.26-nologin
2017-11-07 23:11:00:736 - info: ::ffff:127.0.0.1 - - [3] "GET /a http/1.1" 200 07/11/2017:23:19:00 +0800 13 "undefined" "node-fetch/1.0 (+https://github.com/bitinn/node-fetch)"  - - 43a94e63-da52-42fd-9599-a795ad5a2c82 ::ffff:127.0.0.1-nologin
2017-11-07 23:11:00:763 - info: ::ffff:155.94.88.58 - - [39] "GET / http/1.1" 200 07/11/2017:23:19:00 +0800 undefined "undefined" "sysscan/1.0 (https://github.com/robertdavidgraham/sysscan)"  - - 52b72a63-feee-460a-8866-e2319b71be28 ::ffff:155.94.88.58-nologin
2017-11-08 00:11:23:541 - info: ::ffff:127.0.0.1 - - [19] "GET /a http/1.1" 200 08/11/2017:00:06:23 +0800 13 "undefined" "node-fetch/1.0 (+https://github.com/bitinn/node-fetch)"  - - d42d73b7-426e-4c12-b4c4-8ece94a4108c ::ffff:127.0.0.1-nologin
2017-11-08 00:11:23:587 - info: ::1 - - [96] "GET / http/1.1" 200 08/11/2017:00:06:23 +0800 undefined "http://localhost/" "Mozilla/5.0 (Windows NT 6.1; Win64; x64) AppleWebKit/537.36 (KHTML, like Gecko) Chrome/61.0.3163.100 Safari/537.36"  - - b03b65ef-6763-4707-bcf1-02f5597165bd ::1-nologin
2017-11-08 00:11:23:954 - info: ::1 - - [40] "GET /reload/reload.js http/1.1" 200 08/11/2017:00:06:23 +0800 3687 "http://localhost/" "Mozilla/5.0 (Windows NT 6.1; Win64; x64) AppleWebKit/537.36 (KHTML, like Gecko) Chrome/61.0.3163.100 Safari/537.36"  - - d492f34c-0258-40a9-ab89-5e0a04d31f5c ::1-nologin
2017-11-08 00:11:29:912 - info: ::ffff:127.0.0.1 - - [5] "GET /a http/1.1" 200 08/11/2017:00:06:29 +0800 13 "undefined" "node-fetch/1.0 (+https://github.com/bitinn/node-fetch)"  - - c350da99-9a4b-4758-bc58-f40b766f58e5 ::ffff:127.0.0.1-nologin
2017-11-08 00:11:29:944 - info: ::1 - - [46] "GET / http/1.1" 200 08/11/2017:00:06:29 +0800 undefined "http://localhost/" "Mozilla/5.0 (Windows NT 6.1; Win64; x64) AppleWebKit/537.36 (KHTML, like Gecko) Chrome/61.0.3163.100 Safari/537.36"  - - 0468314f-3d47-430b-ac91-27fdd82a8c85 ::1-nologin
2017-11-08 00:11:30:157 - info: ::1 - - [5] "GET /reload/reload.js http/1.1" 200 08/11/2017:00:06:30 +0800 3687 "http://localhost/" "Mozilla/5.0 (Windows NT 6.1; Win64; x64) AppleWebKit/537.36 (KHTML, like Gecko) Chrome/61.0.3163.100 Safari/537.36"  - - 73d5aeab-775a-4c5a-a9d3-f1b7dc780fe0 ::1-nologin
2017-11-08 00:11:25:907 - info: ::ffff:127.0.0.1 - - [3] "GET /a http/1.1" 200 08/11/2017:00:48:25 +0800 13 "undefined" "node-fetch/1.0 (+https://github.com/bitinn/node-fetch)"  - - eddbfd2b-88c6-48f0-b55c-391814c5b6d9 ::ffff:127.0.0.1-nologin
2017-11-08 00:11:25:936 - info: ::1 - - [52] "GET / http/1.1" 200 08/11/2017:00:48:25 +0800 undefined "http://localhost/" "Mozilla/5.0 (Windows NT 6.1; Win64; x64) AppleWebKit/537.36 (KHTML, like Gecko) Chrome/61.0.3163.100 Safari/537.36"  - - b6652230-a6e9-4d1c-a993-5481aba0e965 ::1-nologin
2017-11-08 00:11:26:067 - info: ::1 - - [3] "GET /reload/reload.js http/1.1" 200 08/11/2017:00:48:26 +0800 3687 "http://localhost/" "Mozilla/5.0 (Windows NT 6.1; Win64; x64) AppleWebKit/537.36 (KHTML, like Gecko) Chrome/61.0.3163.100 Safari/537.36"  - - a8affe61-fe97-4cf0-922f-e5a27f4c30be ::1-nologin
2017-11-08 00:11:37:962 - info: ::ffff:127.0.0.1 - - [3] "GET /a http/1.1" 200 08/11/2017:00:48:37 +0800 13 "undefined" "node-fetch/1.0 (+https://github.com/bitinn/node-fetch)"  - - 8fd8fa71-b680-4ee5-a5fd-24eda99ceb99 ::ffff:127.0.0.1-nologin
2017-11-08 00:11:38:000 - info: ::1 - - [58] "GET / http/1.1" 200 08/11/2017:00:48:37 +0800 undefined "http://localhost/" "Mozilla/5.0 (Windows NT 6.1; Win64; x64) AppleWebKit/537.36 (KHTML, like Gecko) Chrome/61.0.3163.100 Safari/537.36"  - - dbfefa78-5313-4f04-9f64-ef9e4ab10e86 ::1-nologin
2017-11-08 00:11:38:189 - info: ::1 - - [3] "GET /reload/reload.js http/1.1" 200 08/11/2017:00:48:38 +0800 3687 "http://localhost/" "Mozilla/5.0 (Windows NT 6.1; Win64; x64) AppleWebKit/537.36 (KHTML, like Gecko) Chrome/61.0.3163.100 Safari/537.36"  - - 66434433-098c-46d5-b9f6-22437970af5d ::1-nologin
2017-11-08 00:11:03:166 - info: ::ffff:127.0.0.1 - - [12] "GET /a http/1.1" 200 08/11/2017:00:49:03 +0800 13 "undefined" "node-fetch/1.0 (+https://github.com/bitinn/node-fetch)"  - - 97087100-113b-4acf-b1aa-666da93da4f9 ::ffff:127.0.0.1-nologin
2017-11-08 00:11:03:214 - info: ::1 - - [87] "GET / http/1.1" 200 08/11/2017:00:49:03 +0800 undefined "http://localhost/" "Mozilla/5.0 (Windows NT 6.1; Win64; x64) AppleWebKit/537.36 (KHTML, like Gecko) Chrome/61.0.3163.100 Safari/537.36"  - - cb7b9d85-7e38-4beb-9633-1468d68aff2f ::1-nologin
2017-11-08 00:11:03:659 - info: ::1 - - [3] "GET /reload/reload.js http/1.1" 200 08/11/2017:00:49:03 +0800 3687 "http://localhost/" "Mozilla/5.0 (Windows NT 6.1; Win64; x64) AppleWebKit/537.36 (KHTML, like Gecko) Chrome/61.0.3163.100 Safari/537.36"  - - 18daf380-8b26-488f-bb2b-7c3cf3ff4041 ::1-nologin
2017-11-08 01:11:30:729 - info: ::ffff:127.0.0.1 - - [10] "GET /a http/1.1" 200 08/11/2017:01:02:30 +0800 13 "undefined" "node-fetch/1.0 (+https://github.com/bitinn/node-fetch)"  - - 85fe3610-81f4-4284-bb0a-819d9088950a ::ffff:127.0.0.1-nologin
2017-11-08 01:11:30:820 - info: ::1 - - [216] "GET / http/1.1" 200 08/11/2017:01:02:30 +0800 undefined "http://localhost/" "Mozilla/5.0 (Windows NT 6.1; Win64; x64) AppleWebKit/537.36 (KHTML, like Gecko) Chrome/61.0.3163.100 Safari/537.36"  - - e43fc1d2-9e8b-4a76-b3b8-93fce2ca9234 ::1-nologin
2017-11-08 01:11:30:973 - info: ::1 - - [3] "GET /reload/reload.js http/1.1" 200 08/11/2017:01:02:30 +0800 3687 "http://localhost/" "Mozilla/5.0 (Windows NT 6.1; Win64; x64) AppleWebKit/537.36 (KHTML, like Gecko) Chrome/61.0.3163.100 Safari/537.36"  - - d0924902-a179-46f7-8ea3-62f0464c7388 ::1-nologin
2017-11-08 01:11:02:131 - info: ::ffff:123.151.42.61 - - [182] "GET / http/1.1" 404 08/11/2017:01:12:01 +0800 undefined "undefined" "undefined"  - - d7fabb89-2bf9-4d80-957c-c91cd15ee645 ::ffff:123.151.42.61-nologin
2017-11-08 01:11:04:178 - info: ::ffff:127.0.0.1 - - [3] "GET /a http/1.1" 200 08/11/2017:01:13:04 +0800 13 "undefined" "node-fetch/1.0 (+https://github.com/bitinn/node-fetch)"  - - 4bf79ad7-c218-4bec-932e-214203036904 ::ffff:127.0.0.1-nologin
2017-11-08 01:11:04:239 - info: ::1 - - [492] "GET / http/1.1" 200 08/11/2017:01:13:03 +0800 undefined "http://localhost/" "Mozilla/5.0 (Windows NT 6.1; Win64; x64) AppleWebKit/537.36 (KHTML, like Gecko) Chrome/61.0.3163.100 Safari/537.36"  - - d6209316-1cc5-4d5b-a620-c7a77adf7340 ::1-nologin
2017-11-08 01:11:04:317 - info: ::1 - - [2] "GET /reload/reload.js http/1.1" 200 08/11/2017:01:13:04 +0800 3687 "http://localhost/" "Mozilla/5.0 (Windows NT 6.1; Win64; x64) AppleWebKit/537.36 (KHTML, like Gecko) Chrome/61.0.3163.100 Safari/537.36"  - - 81fa4568-4018-46f4-b7d2-9fe7c738121f ::1-nologin
2017-11-08 01:11:38:827 - info: ::ffff:127.0.0.1 - - [4] "GET /a http/1.1" 200 08/11/2017:01:16:38 +0800 13 "undefined" "node-fetch/1.0 (+https://github.com/bitinn/node-fetch)"  - - 4995f51a-f7b7-4add-be61-e68c3fc0047f ::ffff:127.0.0.1-nologin
2017-11-08 01:11:38:885 - info: ::1 - - [89] "GET / http/1.1" 200 08/11/2017:01:16:38 +0800 undefined "http://localhost/" "Mozilla/5.0 (Windows NT 6.1; Win64; x64) AppleWebKit/537.36 (KHTML, like Gecko) Chrome/61.0.3163.100 Safari/537.36"  - - 5cc2918c-69c1-4895-a84d-6c59996cf20a ::1-nologin
2017-11-08 01:11:39:046 - info: ::1 - - [3] "GET /reload/reload.js http/1.1" 200 08/11/2017:01:16:39 +0800 3687 "http://localhost/" "Mozilla/5.0 (Windows NT 6.1; Win64; x64) AppleWebKit/537.36 (KHTML, like Gecko) Chrome/61.0.3163.100 Safari/537.36"  - - a93a6620-7492-4afb-8c15-dbb9d56f87d6 ::1-nologin
2017-11-08 01:11:19:682 - info: ::ffff:127.0.0.1 - - [3] "GET /a http/1.1" 200 08/11/2017:01:35:19 +0800 13 "undefined" "node-fetch/1.0 (+https://github.com/bitinn/node-fetch)"  - - ef838a46-3097-4aaa-8481-d59fffa7c136 ::ffff:127.0.0.1-nologin
2017-11-08 01:11:19:714 - info: ::1 - - [66] "GET /home http/1.1" 200 08/11/2017:01:35:19 +0800 undefined "http://localhost/" "Mozilla/5.0 (Windows NT 6.1; Win64; x64) AppleWebKit/537.36 (KHTML, like Gecko) Chrome/61.0.3163.100 Safari/537.36"  - - 8092ea80-241e-4f6c-b106-ef7a2ac55407 ::1-nologin
2017-11-08 01:11:19:856 - info: ::1 - - [4] "GET /reload/reload.js http/1.1" 200 08/11/2017:01:35:19 +0800 3687 "http://localhost/home" "Mozilla/5.0 (Windows NT 6.1; Win64; x64) AppleWebKit/537.36 (KHTML, like Gecko) Chrome/61.0.3163.100 Safari/537.36"  - - 7076f7df-f924-4793-ad9b-12d6911295b7 ::1-nologin
